app/build/intermediates/manifest_merge_blame_file/debug/manifest-merger-blame-debug-report.txt
1<?xml version="1.0" encoding="utf-8"?>
2<manifest xmlns:android="http://schemas.android.com/apk/res/android"
3    package="com.THLight.USBeacon.Sample"
4    android:versionCode="5"
5    android:versionName="5.0" >
6
7    <uses-sdk
8        android:minSdkVersion="21"
8-->src\main\AndroidManifest.xml
9        android:targetSdkVersion="28" />
9-->src\main\AndroidManifest.xml
10
11    <uses-permission android:name="android.permission.BLUETOOTH_ADMIN" />
11-->src\main\AndroidManifest.xml:7:5-74
11-->src\main\AndroidManifest.xml:7:22-71
12    <uses-permission android:name="android.permission.BLUETOOTH" />
12-->src\main\AndroidManifest.xml:8:5-68
12-->src\main\AndroidManifest.xml:8:22-65
13    <uses-permission android:name="android.permission.ACCESS_NETWORK_STATE" />
13-->src\main\AndroidManifest.xml:9:5-79
13-->src\main\AndroidManifest.xml:9:22-76
14    <uses-permission android:name="android.permission.ACCESS_WIFI_STATE" />
14-->src\main\AndroidManifest.xml:10:5-76
14-->src\main\AndroidManifest.xml:10:22-73
15    <uses-permission android:name="android.permission.CHANGE_WIFI_STATE" />
15-->src\main\AndroidManifest.xml:11:5-76
15-->src\main\AndroidManifest.xml:11:22-73
16    <uses-permission android:name="android.permission.INTERNET" />
16-->src\main\AndroidManifest.xml:12:5-67
16-->src\main\AndroidManifest.xml:12:22-64
17    <uses-permission android:name="android.permission.WRITE_EXTERNAL_STORAGE" />
17-->src\main\AndroidManifest.xml:13:5-81
17-->src\main\AndroidManifest.xml:13:22-78
18    <uses-permission android:name="android.permission.READ_EXTERNAL_STORAGE" />
18-->src\main\AndroidManifest.xml:14:5-80
18-->src\main\AndroidManifest.xml:14:22-77
19    <uses-permission android:name="android.permission.ACCESS_COARSE_LOCATION" />
19-->src\main\AndroidManifest.xml:15:5-81
19-->src\main\AndroidManifest.xml:15:22-78
20    <uses-permission android:name="android.permission.REQUEST_IGNORE_BATTERY_OPTIMIZATIONS" />
20-->src\main\AndroidManifest.xml:16:5-95
20-->src\main\AndroidManifest.xml:16:22-92
21    <uses-permission android:name="android.permission.FOREGROUND_SERVICE" />
21-->src\main\AndroidManifest.xml:17:5-77
21-->src\main\AndroidManifest.xml:17:22-74
22    <uses-permission android:name="android.permission.WAKE_LOCK" />
22-->src\main\AndroidManifest.xml:18:5-67
22-->src\main\AndroidManifest.xml:18:22-65
23    <uses-permission android:name="android.permission.INTERNET" />
23-->src\main\AndroidManifest.xml:12:5-67
23-->src\main\AndroidManifest.xml:12:22-64
24
25    <uses-feature
25-->src\main\AndroidManifest.xml:21:5-23:35
26        android:name="android.hardware.bluetooth_le"
26-->src\main\AndroidManifest.xml:22:9-53
27        android:required="true" />
27-->src\main\AndroidManifest.xml:23:9-32
28
29    <application
29-->src\main\AndroidManifest.xml:25:5-58:19
30        android:name="com.THLight.USBeacon.Sample.thLightApplication"
30-->src\main\AndroidManifest.xml:26:9-70
31        android:allowBackup="true"
31-->src\main\AndroidManifest.xml:27:9-35
32        android:appComponentFactory="android.support.v4.app.CoreComponentFactory"
32-->[com.android.support:support-compat:28.0.0] AndroidManifest.xml:22:18-91
33        android:debuggable="true"
34        android:icon="@drawable/ic_launcher"
34-->src\main\AndroidManifest.xml:28:9-45
35        android:label="@string/app_name"
35-->src\main\AndroidManifest.xml:29:9-41
36        android:persistent="true"
36-->src\main\AndroidManifest.xml:30:9-34
37        android:testOnly="true"
38        android:theme="@style/AppTheme" >
38-->src\main\AndroidManifest.xml:31:9-40
39        <activity
39-->src\main\AndroidManifest.xml:32:9-42:20
40            android:name="com.THLight.USBeacon.Sample.ui.MainActivity"
40-->src\main\AndroidManifest.xml:33:13-71
41            android:label="@string/app_name"
41-->src\main\AndroidManifest.xml:34:13-45
42            android:launchMode="singleTop"
42-->src\main\AndroidManifest.xml:35:13-43
43            android:screenOrientation="portrait" >
43-->src\main\AndroidManifest.xml:36:13-49
44            <intent-filter>
44-->src\main\AndroidManifest.xml:37:13-41:29
45                <action android:name="android.intent.action.MAIN" />
45-->src\main\AndroidManifest.xml:38:17-69
45-->src\main\AndroidManifest.xml:38:25-66
46
47                <category android:name="android.intent.category.LAUNCHER" />
47-->src\main\AndroidManifest.xml:40:17-77
47-->src\main\AndroidManifest.xml:40:27-74
48            </intent-filter>
49        </activity>
50        <activity android:name="com.THLight.USBeacon.Sample.ui.login" />
50-->src\main\AndroidManifest.xml:43:9-73
50-->src\main\AndroidManifest.xml:43:19-70
51        <activity android:name="com.THLight.USBeacon.Sample.ui.sign_up" />
51-->src\main\AndroidManifest.xml:44:9-75
51-->src\main\AndroidManifest.xml:44:19-72
52        <activity android:name="com.THLight.USBeacon.Sample.ui.login_successfully" />
52-->src\main\AndroidManifest.xml:45:9-86
52-->src\main\AndroidManifest.xml:45:19-83
53        <activity android:name="com.THLight.USBeacon.Sample.ui.login_teacher" />
53-->src\main\AndroidManifest.xml:46:9-81
53-->src\main\AndroidManifest.xml:46:19-78
54        <activity android:name="com.THLight.USBeacon.Sample.ui.todayAttendantInquire" />
54-->src\main\AndroidManifest.xml:47:9-89
54-->src\main\AndroidManifest.xml:47:19-86
55        <activity android:name="com.THLight.USBeacon.Sample.ui.Attendant" />
55-->src\main\AndroidManifest.xml:48:9-77
55-->src\main\AndroidManifest.xml:48:19-74
56        <activity android:name="com.THLight.USBeacon.Sample.ui.Attendant_inquire" />
56-->src\main\AndroidManifest.xml:49:9-85
56-->src\main\AndroidManifest.xml:49:19-82
57        <activity android:name="com.THLight.USBeacon.Sample.ui.classProduce" />
57-->src\main\AndroidManifest.xml:50:9-80
57-->src\main\AndroidManifest.xml:50:19-77
58        <activity android:name="com.THLight.USBeacon.Sample.ui.Attendant_teacher" />
58-->src\main\AndroidManifest.xml:51:9-85
58-->src\main\AndroidManifest.xml:51:19-82
59        <activity android:name="com.THLight.USBeacon.Sample.ui.AllStudent_Attendant" />
59-->src\main\AndroidManifest.xml:52:9-88
59-->src\main\AndroidManifest.xml:52:19-85
60        <activity android:name="com.THLight.USBeacon.Sample.ui.rollCall" />
60-->src\main\AndroidManifest.xml:53:9-76
60-->src\main\AndroidManifest.xml:53:19-73
61
62        <receiver android:name="com.THLight.USBeacon.Sample.ui.NotificationReceiver" />
62-->src\main\AndroidManifest.xml:54:9-61
62-->src\main\AndroidManifest.xml:54:19-58
63
64        <service android:name="com.THLight.USBeacon.Sample.service.ScannerService" />
64-->src\main\AndroidManifest.xml:55:9-59
64-->src\main\AndroidManifest.xml:55:18-56
65    </application>
66
67</manifest>